<?xml version="1.0" encoding="UTF-8" ?>
<testsuite tests="23" failures="0" name="cz.muni.fi.pv168.SpyOrganizationManagerImplTest" time="2.272" errors="0" skipped="0">
  <properties>
    <property name="java.runtime.name" value="OpenJDK Runtime Environment"/>
    <property name="sun.boot.library.path" value="/usr/lib/jvm/java-8-openjdk-amd64/jre/lib/amd64"/>
    <property name="java.vm.version" value="25.121-b13"/>
    <property name="java.vm.vendor" value="Oracle Corporation"/>
    <property name="java.vendor.url" value="http://java.oracle.com/"/>
    <property name="path.separator" value=":"/>
    <property name="guice.disable.misplaced.annotation.check" value="true"/>
    <property name="java.vm.name" value="OpenJDK 64-Bit Server VM"/>
    <property name="file.encoding.pkg" value="sun.io"/>
    <property name="user.country" value="US"/>
    <property name="sun.java.launcher" value="SUN_STANDARD"/>
    <property name="sun.os.patch.level" value="unknown"/>
    <property name="java.vm.specification.name" value="Java Virtual Machine Specification"/>
    <property name="user.dir" value="/home/martin/data-linux/projects/pv168"/>
    <property name="java.runtime.version" value="1.8.0_121-8u121-b13-0ubuntu1.16.04.2-b13"/>
    <property name="java.awt.graphicsenv" value="sun.awt.X11GraphicsEnvironment"/>
    <property name="java.endorsed.dirs" value="/usr/lib/jvm/java-8-openjdk-amd64/jre/lib/endorsed"/>
    <property name="os.arch" value="amd64"/>
    <property name="java.io.tmpdir" value="/tmp"/>
    <property name="line.separator" value="
"/>
    <property name="java.vm.specification.vendor" value="Oracle Corporation"/>
    <property name="os.name" value="Linux"/>
    <property name="maven.ext.class.path" value="/home/martin/.netbeans/8.1/maven-nblib/netbeans-eventspy.jar"/>
    <property name="classworlds.conf" value="/home/martin/.netbeans/8.1/maven/bin/m2.conf"/>
    <property name="sun.jnu.encoding" value="UTF-8"/>
    <property name="java.library.path" value="/usr/lib/jvm/java-8-openjdk-amd64/bin/../jre/lib/amd64:/usr/lib/jvm/java-8-openjdk-amd64/bin/../jre/lib/i386::/usr/java/packages/lib/amd64:/usr/lib/x86_64-linux-gnu/jni:/lib/x86_64-linux-gnu:/usr/lib/x86_64-linux-gnu:/usr/lib/jni:/lib:/usr/lib"/>
    <property name="java.specification.name" value="Java Platform API Specification"/>
    <property name="java.class.version" value="52.0"/>
    <property name="sun.management.compiler" value="HotSpot 64-Bit Tiered Compilers"/>
    <property name="os.version" value="4.4.0-75-generic"/>
    <property name="user.home" value="/home/martin"/>
    <property name="user.timezone" value="Europe/Prague"/>
    <property name="java.awt.printerjob" value="sun.print.PSPrinterJob"/>
    <property name="file.encoding" value="UTF-8"/>
    <property name="java.specification.version" value="1.8"/>
    <property name="user.name" value="martin"/>
    <property name="java.class.path" value="/home/martin/.netbeans/8.1/maven/boot/plexus-classworlds-2.4.jar"/>
    <property name="java.vm.specification.version" value="1.8"/>
    <property name="sun.arch.data.model" value="64"/>
    <property name="java.home" value="/usr/lib/jvm/java-8-openjdk-amd64/jre"/>
    <property name="sun.java.command" value="org.codehaus.plexus.classworlds.launcher.Launcher -Dmaven.ext.class.path=/home/martin/.netbeans/8.1/maven-nblib/netbeans-eventspy.jar clean install"/>
    <property name="java.specification.vendor" value="Oracle Corporation"/>
    <property name="user.language" value="en"/>
    <property name="awt.toolkit" value="sun.awt.X11.XToolkit"/>
    <property name="java.vm.info" value="mixed mode"/>
    <property name="java.version" value="1.8.0_121"/>
    <property name="java.ext.dirs" value="/usr/lib/jvm/java-8-openjdk-amd64/jre/lib/ext:/usr/java/packages/lib/ext"/>
    <property name="securerandom.source" value="file:/dev/./urandom"/>
    <property name="sun.boot.class.path" value="/usr/lib/jvm/java-8-openjdk-amd64/jre/lib/resources.jar:/usr/lib/jvm/java-8-openjdk-amd64/jre/lib/rt.jar:/usr/lib/jvm/java-8-openjdk-amd64/jre/lib/sunrsasign.jar:/usr/lib/jvm/java-8-openjdk-amd64/jre/lib/jsse.jar:/usr/lib/jvm/java-8-openjdk-amd64/jre/lib/jce.jar:/usr/lib/jvm/java-8-openjdk-amd64/jre/lib/charsets.jar:/usr/lib/jvm/java-8-openjdk-amd64/jre/lib/jfr.jar:/usr/lib/jvm/java-8-openjdk-amd64/jre/classes"/>
    <property name="java.vendor" value="Oracle Corporation"/>
    <property name="maven.home" value="/home/martin/.netbeans/8.1/maven"/>
    <property name="file.separator" value="/"/>
    <property name="java.vendor.url.bug" value="http://bugreport.sun.com/bugreport/"/>
    <property name="sun.cpu.endian" value="little"/>
    <property name="sun.io.unicode.encoding" value="UnicodeLittle"/>
    <property name="sun.desktop" value="gnome"/>
    <property name="sun.cpu.isalist" value=""/>
  </properties>
  <testcase classname="cz.muni.fi.pv168.SpyOrganizationManagerImplTest" name="unassignAgentWithNullIdFromMission" time="0.339"/>
  <testcase classname="cz.muni.fi.pv168.SpyOrganizationManagerImplTest" name="findAgentsOnMission" time="0.149"/>
  <testcase classname="cz.muni.fi.pv168.SpyOrganizationManagerImplTest" name="unassignAgentFromNullMission" time="0.069"/>
  <testcase classname="cz.muni.fi.pv168.SpyOrganizationManagerImplTest" name="findAgentsOnNullMission" time="0.066"/>
  <testcase classname="cz.muni.fi.pv168.SpyOrganizationManagerImplTest" name="assignAgentOnMissionNotInDB" time="0.072"/>
  <testcase classname="cz.muni.fi.pv168.SpyOrganizationManagerImplTest" name="unassignAgentFromMissionWithNullId" time="0.067"/>
  <testcase classname="cz.muni.fi.pv168.SpyOrganizationManagerImplTest" name="assignNullAgentOnMission" time="0.079"/>
  <testcase classname="cz.muni.fi.pv168.SpyOrganizationManagerImplTest" name="unassignMissionWithSqlExceptionThrown" time="0.076"/>
  <testcase classname="cz.muni.fi.pv168.SpyOrganizationManagerImplTest" name="assignMissionWithSqlExceptionThrown" time="0.068"/>
  <testcase classname="cz.muni.fi.pv168.SpyOrganizationManagerImplTest" name="assignAgentOnMissionWithNullId" time="0.059"/>
  <testcase classname="cz.muni.fi.pv168.SpyOrganizationManagerImplTest" name="assignAgentOnMission" time="0.257"/>
  <testcase classname="cz.muni.fi.pv168.SpyOrganizationManagerImplTest" name="unassignMission" time="0.168"/>
  <testcase classname="cz.muni.fi.pv168.SpyOrganizationManagerImplTest" name="findMissionWithAgentWithSqlExceptionThrown" time="0.075"/>
  <testcase classname="cz.muni.fi.pv168.SpyOrganizationManagerImplTest" name="unassignAgentNotInDBFromMission" time="0.054"/>
  <testcase classname="cz.muni.fi.pv168.SpyOrganizationManagerImplTest" name="findAgentsOnMissionWithSqlExceptionThrown" time="0.062"/>
  <testcase classname="cz.muni.fi.pv168.SpyOrganizationManagerImplTest" name="unassignAgentFromMissionNotInDB" time="0.146"/>
  <testcase classname="cz.muni.fi.pv168.SpyOrganizationManagerImplTest" name="assignAgentOnNullMission" time="0.101"/>
  <testcase classname="cz.muni.fi.pv168.SpyOrganizationManagerImplTest" name="findMissionWithAgent" time="0.104"/>
  <testcase classname="cz.muni.fi.pv168.SpyOrganizationManagerImplTest" name="findMissionWithNullAgent" time="0.055"/>
  <testcase classname="cz.muni.fi.pv168.SpyOrganizationManagerImplTest" name="findMissionWithAgentHavingNullId" time="0.054"/>
  <testcase classname="cz.muni.fi.pv168.SpyOrganizationManagerImplTest" name="assignAgentNotInDBOnMission" time="0.04"/>
  <testcase classname="cz.muni.fi.pv168.SpyOrganizationManagerImplTest" name="findAgentsOnMissionHavingNullId" time="0.051"/>
  <testcase classname="cz.muni.fi.pv168.SpyOrganizationManagerImplTest" name="assignAgentWithNullIdOnMission" time="0.051"/>
</testsuite>