<?xml version="1.0" encoding="UTF-8" ?>
<testsuite tests="20" failures="0" name="cz.muni.fi.pv168.AgentManagerImplTest" time="3.608" errors="0" skipped="0">
  <properties>
    <property name="java.runtime.name" value="Java(TM) SE Runtime Environment"/>
    <property name="sun.boot.library.path" value="C:\Program Files\Java\jdk1.8.0_131\jre\bin"/>
    <property name="java.vm.version" value="25.131-b11"/>
    <property name="java.vm.vendor" value="Oracle Corporation"/>
    <property name="java.vendor.url" value="http://java.oracle.com/"/>
    <property name="path.separator" value=";"/>
    <property name="guice.disable.misplaced.annotation.check" value="true"/>
    <property name="java.vm.name" value="Java HotSpot(TM) 64-Bit Server VM"/>
    <property name="file.encoding.pkg" value="sun.io"/>
    <property name="user.script" value=""/>
    <property name="user.country" value="US"/>
    <property name="sun.java.launcher" value="SUN_STANDARD"/>
    <property name="sun.os.patch.level" value=""/>
    <property name="java.vm.specification.name" value="Java Virtual Machine Specification"/>
    <property name="user.dir" value="C:\data-windows\pv168"/>
    <property name="java.runtime.version" value="1.8.0_131-b11"/>
    <property name="java.awt.graphicsenv" value="sun.awt.Win32GraphicsEnvironment"/>
    <property name="java.endorsed.dirs" value="C:\Program Files\Java\jdk1.8.0_131\jre\lib\endorsed"/>
    <property name="os.arch" value="amd64"/>
    <property name="java.io.tmpdir" value="C:\Users\Nikdo\AppData\Local\Temp\"/>
    <property name="line.separator" value="
"/>
    <property name="java.vm.specification.vendor" value="Oracle Corporation"/>
    <property name="user.variant" value=""/>
    <property name="os.name" value="Windows 8.1"/>
    <property name="maven.ext.class.path" value="C:\Program Files\NetBeans 8.2\java\maven-nblib\netbeans-eventspy.jar"/>
    <property name="classworlds.conf" value="C:\Program Files\NetBeans 8.2\java\maven\bin\m2.conf"/>
    <property name="sun.jnu.encoding" value="Cp1250"/>
    <property name="java.library.path" value="C:\Program Files\Java\jdk1.8.0_131\bin;C:\WINDOWS\Sun\Java\bin;C:\WINDOWS\system32;C:\WINDOWS;C:\ProgramData\Oracle\Java\javapath;C:\Program Files\Broadcom\Broadcom 802.11 Network Adapter\Driver;C:\Program Files\MiKTeX 2.9\miktex\bin\x64\;C:\Program Files\TortoiseSVN\bin;C:\WINDOWS\system32;C:\WINDOWS;C:\WINDOWS\System32\Wbem;C:\WINDOWS\System32\WindowsPowerShell\v1.0\;C:\Program Files\Git\cmd;."/>
    <property name="java.specification.name" value="Java Platform API Specification"/>
    <property name="java.class.version" value="52.0"/>
    <property name="sun.management.compiler" value="HotSpot 64-Bit Tiered Compilers"/>
    <property name="os.version" value="6.3"/>
    <property name="user.home" value="C:\Users\Nikdo"/>
    <property name="user.timezone" value="Europe/Prague"/>
    <property name="java.awt.printerjob" value="sun.awt.windows.WPrinterJob"/>
    <property name="java.specification.version" value="1.8"/>
    <property name="file.encoding" value="UTF-8"/>
    <property name="user.name" value="Nikdo"/>
    <property name="java.class.path" value="C:\Program Files\NetBeans 8.2\java\maven\boot\plexus-classworlds-2.4.jar"/>
    <property name="java.vm.specification.version" value="1.8"/>
    <property name="sun.arch.data.model" value="64"/>
    <property name="java.home" value="C:\Program Files\Java\jdk1.8.0_131\jre"/>
    <property name="sun.java.command" value="org.codehaus.plexus.classworlds.launcher.Launcher -Dmaven.ext.class.path=C:\Program Files\NetBeans 8.2\java\maven-nblib\netbeans-eventspy.jar -Dfile.encoding=UTF-8 clean install"/>
    <property name="java.specification.vendor" value="Oracle Corporation"/>
    <property name="user.language" value="en"/>
    <property name="awt.toolkit" value="sun.awt.windows.WToolkit"/>
    <property name="java.vm.info" value="mixed mode"/>
    <property name="java.version" value="1.8.0_131"/>
    <property name="java.ext.dirs" value="C:\Program Files\Java\jdk1.8.0_131\jre\lib\ext;C:\WINDOWS\Sun\Java\lib\ext"/>
    <property name="sun.boot.class.path" value="C:\Program Files\Java\jdk1.8.0_131\jre\lib\resources.jar;C:\Program Files\Java\jdk1.8.0_131\jre\lib\rt.jar;C:\Program Files\Java\jdk1.8.0_131\jre\lib\sunrsasign.jar;C:\Program Files\Java\jdk1.8.0_131\jre\lib\jsse.jar;C:\Program Files\Java\jdk1.8.0_131\jre\lib\jce.jar;C:\Program Files\Java\jdk1.8.0_131\jre\lib\charsets.jar;C:\Program Files\Java\jdk1.8.0_131\jre\lib\jfr.jar;C:\Program Files\Java\jdk1.8.0_131\jre\classes"/>
    <property name="java.vendor" value="Oracle Corporation"/>
    <property name="maven.home" value="C:\Program Files\NetBeans 8.2\java\maven"/>
    <property name="file.separator" value="\"/>
    <property name="java.vendor.url.bug" value="http://bugreport.sun.com/bugreport/"/>
    <property name="sun.cpu.endian" value="little"/>
    <property name="sun.io.unicode.encoding" value="UnicodeLittle"/>
    <property name="sun.desktop" value="windows"/>
    <property name="sun.cpu.isalist" value="amd64"/>
  </properties>
  <testcase classname="cz.muni.fi.pv168.AgentManagerImplTest" name="createAgentWithExistingId" time="1.753"/>
  <testcase classname="cz.muni.fi.pv168.AgentManagerImplTest" name="createAgentWithNullCompromised" time="0.08"/>
  <testcase classname="cz.muni.fi.pv168.AgentManagerImplTest" name="deleteAgent" time="0.153"/>
  <testcase classname="cz.muni.fi.pv168.AgentManagerImplTest" name="findAllAgents" time="0.08"/>
  <testcase classname="cz.muni.fi.pv168.AgentManagerImplTest" name="findAllAgentsWithSqlExceptionThrown" time="0.34"/>
  <testcase classname="cz.muni.fi.pv168.AgentManagerImplTest" name="updateAgent" time="0.122"/>
  <testcase classname="cz.muni.fi.pv168.AgentManagerImplTest" name="updateAgentWithSqlExceptionThrown" time="0.082"/>
  <testcase classname="cz.muni.fi.pv168.AgentManagerImplTest" name="createAgent" time="0.077"/>
  <testcase classname="cz.muni.fi.pv168.AgentManagerImplTest" name="createNullAgent" time="0.044"/>
  <testcase classname="cz.muni.fi.pv168.AgentManagerImplTest" name="deleteAgentWithNullWorkingSince" time="0.078"/>
  <testcase classname="cz.muni.fi.pv168.AgentManagerImplTest" name="createAgentWithNullWorkingSince" time="0.037"/>
  <testcase classname="cz.muni.fi.pv168.AgentManagerImplTest" name="deleteAgentWithNullCompromised" time="0.051"/>
  <testcase classname="cz.muni.fi.pv168.AgentManagerImplTest" name="deleteAgentWithNonExistingId" time="0.064"/>
  <testcase classname="cz.muni.fi.pv168.AgentManagerImplTest" name="findAgentWithSqlExceptionThrown" time="0.049"/>
  <testcase classname="cz.muni.fi.pv168.AgentManagerImplTest" name="createAgentWithNullName" time="0.041"/>
  <testcase classname="cz.muni.fi.pv168.AgentManagerImplTest" name="updateAgentWithNullName" time="0.053"/>
  <testcase classname="cz.muni.fi.pv168.AgentManagerImplTest" name="updateAgentWithNullWorkingSince" time="0.05"/>
  <testcase classname="cz.muni.fi.pv168.AgentManagerImplTest" name="deleteAgentWithSqlExceptionThrown" time="0.074"/>
  <testcase classname="cz.muni.fi.pv168.AgentManagerImplTest" name="updateAgentWithNullCompromised" time="0.121"/>
  <testcase classname="cz.muni.fi.pv168.AgentManagerImplTest" name="deleteAgentWithNullName" time="0.049"/>
</testsuite>